{"name": "test_pim_page_tab_search_employee", "status": "broken", "statusDetails": {"message": "selenium.common.exceptions.TimeoutException: Message: \nStacktrace:\nBacktrace:\n\t(No symbol) [0x00EC6643]\n\t(No symbol) [0x00E5BE21]\n\t(No symbol) [0x00D5DA9D]\n\t(No symbol) [0x00D91342]\n\t(No symbol) [0x00D9147B]\n\t(No symbol) [0x00DC8DC2]\n\t(No symbol) [0x00DAFDC4]\n\t(No symbol) [0x00DC6B09]\n\t(No symbol) [0x00DAFB76]\n\t(No symbol) [0x00D849C1]\n\t(No symbol) [0x00D85E5D]\n\tGetHandleVerifier [0x0113A142+2497106]\n\tGetHandleVerifier [0x011685D3+2686691]\n\tGetHandleVerifier [0x0116BB9C+2700460]\n\tGetHandleVerifier [0x00F73B10+635936]\n\t(No symbol) [0x00E64A1F]\n\t(No symbol) [0x00E6A418]\n\t(No symbol) [0x00E6A505]\n\t(No symbol) [0x00E7508B]\n\tBaseThreadInitThunk [0x778B6BD9+25]\n\tRtlGetFullPathName_UEx [0x77A08FD2+1218]\n\tRtlGetFullPathName_UEx [0x77A08F9D+1165]", "trace": "self = <Tests.test_PimPage.Test_pim object at 0x000001854650E790>\ninput_data_for_add_user = ['test_first', 'test_mid', 'test_last', 'test_unique_id', 'Test@123456', 'test_first test_mid']\n\n    def test_pim_page_tab_search_employee(self, input_data_for_add_user):\n        self.LoginPage = LoginPage(self.driver)\n        self.DashBoardPage = self.LoginPage.validate_login()\n        self.PimPage = self.DashBoardPage.navigate_to_pim()\n        self.DashBoardPage.navigate_to_pim_1()\n        self.PimPage.do_click_employee_list()\n>       flag = self.PimPage.do_search_new_employee(input_data_for_add_user[5])\n\nTests\\test_PimPage.py:34: \n_ _ _ _ _ _ _ _ _ _ _ _ _ _ _ _ _ _ _ _ _ _ _ _ _ _ _ _ _ _ _ _ _ _ _ _ _ _ _ _ _ _ _ _ _ _ _ _ _ _ _ _ _ _ _ _ _ _ _ _ _ _ _ _ _ _ _ _ _ _ _ _ _ _ _ _ _ _ _ _ _ _ _ _ _ _ _ _ _ _ _ _\nPages\\PimPage.py:71: in do_search_new_employee\n    return self.is_visible((By.XPATH, \"//div[starts-with(text(),'\" + searchuser + \"')]\"))\nPages\\BasePage.py:40: in is_visible\n    element = WebDriverWait(self.driver, 20).until(EC.visibility_of_element_located(by_locator))\n_ _ _ _ _ _ _ _ _ _ _ _ _ _ _ _ _ _ _ _ _ _ _ _ _ _ _ _ _ _ _ _ _ _ _ _ _ _ _ _ _ _ _ _ _ _ _ _ _ _ _ _ _ _ _ _ _ _ _ _ _ _ _ _ _ _ _ _ _ _ _ _ _ _ _ _ _ _ _ _ _ _ _ _ _ _ _ _ _ _ _ _\n\nself = <selenium.webdriver.support.wait.WebDriverWait (session=\"090631c633177ee2a6ff7b4f733a4b9c\")>\nmethod = <function visibility_of_element_located.<locals>._predicate at 0x000001854650BF60>, message = ''\n\n    def until(self, method, message: str = \"\"):\n        \"\"\"Calls the method provided with the driver as an argument until the \\\n        return value does not evaluate to ``False``.\n    \n        :param method: callable(WebDriver)\n        :param message: optional message for :exc:`TimeoutException`\n        :returns: the result of the last call to `method`\n        :raises: :exc:`selenium.common.exceptions.TimeoutException` if timeout occurs\n        \"\"\"\n        screen = None\n        stacktrace = None\n    \n        end_time = time.monotonic() + self._timeout\n        while True:\n            try:\n                value = method(self._driver)\n                if value:\n                    return value\n            except self._ignored_exceptions as exc:\n                screen = getattr(exc, \"screen\", None)\n                stacktrace = getattr(exc, \"stacktrace\", None)\n            time.sleep(self._poll)\n            if time.monotonic() > end_time:\n                break\n>       raise TimeoutException(message, screen, stacktrace)\nE       selenium.common.exceptions.TimeoutException: Message: \nE       Stacktrace:\nE       Backtrace:\nE       \t(No symbol) [0x00EC6643]\nE       \t(No symbol) [0x00E5BE21]\nE       \t(No symbol) [0x00D5DA9D]\nE       \t(No symbol) [0x00D91342]\nE       \t(No symbol) [0x00D9147B]\nE       \t(No symbol) [0x00DC8DC2]\nE       \t(No symbol) [0x00DAFDC4]\nE       \t(No symbol) [0x00DC6B09]\nE       \t(No symbol) [0x00DAFB76]\nE       \t(No symbol) [0x00D849C1]\nE       \t(No symbol) [0x00D85E5D]\nE       \tGetHandleVerifier [0x0113A142+2497106]\nE       \tGetHandleVerifier [0x011685D3+2686691]\nE       \tGetHandleVerifier [0x0116BB9C+2700460]\nE       \tGetHandleVerifier [0x00F73B10+635936]\nE       \t(No symbol) [0x00E64A1F]\nE       \t(No symbol) [0x00E6A418]\nE       \t(No symbol) [0x00E6A505]\nE       \t(No symbol) [0x00E7508B]\nE       \tBaseThreadInitThunk [0x778B6BD9+25]\nE       \tRtlGetFullPathName_UEx [0x77A08FD2+1218]\nE       \tRtlGetFullPathName_UEx [0x77A08F9D+1165]\n\nvenv\\Lib\\site-packages\\selenium\\webdriver\\support\\wait.py:95: TimeoutException"}, "start": 1675083682573, "stop": 1675083712896, "uuid": "aeba6d93-3bec-42cf-8541-ec2813f3c44c", "historyId": "bdc294cf6f9efdbb87306dd2d55cdd58", "testCaseId": "268629ef65dc9254e1b7276b5bdbd92d", "fullName": "Tests.test_PimPage.Test_pim#test_pim_page_tab_search_employee", "labels": [{"name": "tag", "value": "@pytest.mark.usefixtures('input_data_for_add_user')"}, {"name": "parentSuite", "value": "Tests"}, {"name": "suite", "value": "test_PimPage"}, {"name": "subSuite", "value": "Test_pim"}, {"name": "host", "value": "DESKTOP-U6UTH74"}, {"name": "thread", "value": "7072-MainThread"}, {"name": "framework", "value": "pytest"}, {"name": "language", "value": "cpython3"}, {"name": "package", "value": "Tests.test_PimPage"}]}