{"name": "test_pim_page_tab_search_employee", "status": "broken", "statusDetails": {"message": "selenium.common.exceptions.TimeoutException: Message: \nStacktrace:\nBacktrace:\n\t(No symbol) [0x002D6643]\n\t(No symbol) [0x0026BE21]\n\t(No symbol) [0x0016DA9D]\n\t(No symbol) [0x001A1342]\n\t(No symbol) [0x001A147B]\n\t(No symbol) [0x001D8DC2]\n\t(No symbol) [0x001BFDC4]\n\t(No symbol) [0x001D6B09]\n\t(No symbol) [0x001BFB76]\n\t(No symbol) [0x001949C1]\n\t(No symbol) [0x00195E5D]\n\tGetHandleVerifier [0x0054A142+2497106]\n\tGetHandleVerifier [0x005785D3+2686691]\n\tGetHandleVerifier [0x0057BB9C+2700460]\n\tGetHandleVerifier [0x00383B10+635936]\n\t(No symbol) [0x00274A1F]\n\t(No symbol) [0x0027A418]\n\t(No symbol) [0x0027A505]\n\t(No symbol) [0x0028508B]\n\tBaseThreadInitThunk [0x778B6BD9+25]\n\tRtlGetFullPathName_UEx [0x77A08FD2+1218]\n\tRtlGetFullPathName_UEx [0x77A08F9D+1165]\n\t(No symbol) [0x00000000]", "trace": "self = <Tests.test_PimPage.Test_pim object at 0x000001BF4EFB30D0>\ninput_data_for_add_user = ['test_first', 'test_mid', 'test_last', 'test_unique_id', 'Test@123456', 'test_first test_mid']\n\n    def test_pim_page_tab_search_employee(self, input_data_for_add_user):\n        self.LoginPage = LoginPage(self.driver)\n>       self.DashBoardPage = self.LoginPage.validate_login()\n\nTests\\test_PimPage.py:30: \n_ _ _ _ _ _ _ _ _ _ _ _ _ _ _ _ _ _ _ _ _ _ _ _ _ _ _ _ _ _ _ _ _ _ _ _ _ _ _ _ _ _ _ _ _ _ _ _ _ _ _ _ _ _ _ _ _ _ _ _ _ _ _ _ _ _ _ _ _ _ _ _ _ _ _ _ _ _ _ _ _ _ _ _ _ _ _ _ _ _ _ _\nPages\\LoginPage.py:21: in validate_login\n    self.do_send_key(self.USERNAME, TestData.USER_NAME)\nPages\\BasePage.py:31: in do_send_key\n    WebDriverWait(self.driver, 30).until(EC.visibility_of_element_located(by_locator)).send_keys(text)\n_ _ _ _ _ _ _ _ _ _ _ _ _ _ _ _ _ _ _ _ _ _ _ _ _ _ _ _ _ _ _ _ _ _ _ _ _ _ _ _ _ _ _ _ _ _ _ _ _ _ _ _ _ _ _ _ _ _ _ _ _ _ _ _ _ _ _ _ _ _ _ _ _ _ _ _ _ _ _ _ _ _ _ _ _ _ _ _ _ _ _ _\n\nself = <selenium.webdriver.support.wait.WebDriverWait (session=\"f635d391f9b3c72aa56ae708f3289768\")>\nmethod = <function visibility_of_element_located.<locals>._predicate at 0x000001BF4E2BFC40>, message = ''\n\n    def until(self, method, message: str = \"\"):\n        \"\"\"Calls the method provided with the driver as an argument until the \\\n        return value does not evaluate to ``False``.\n    \n        :param method: callable(WebDriver)\n        :param message: optional message for :exc:`TimeoutException`\n        :returns: the result of the last call to `method`\n        :raises: :exc:`selenium.common.exceptions.TimeoutException` if timeout occurs\n        \"\"\"\n        screen = None\n        stacktrace = None\n    \n        end_time = time.monotonic() + self._timeout\n        while True:\n            try:\n                value = method(self._driver)\n                if value:\n                    return value\n            except self._ignored_exceptions as exc:\n                screen = getattr(exc, \"screen\", None)\n                stacktrace = getattr(exc, \"stacktrace\", None)\n            time.sleep(self._poll)\n            if time.monotonic() > end_time:\n                break\n>       raise TimeoutException(message, screen, stacktrace)\nE       selenium.common.exceptions.TimeoutException: Message: \nE       Stacktrace:\nE       Backtrace:\nE       \t(No symbol) [0x002D6643]\nE       \t(No symbol) [0x0026BE21]\nE       \t(No symbol) [0x0016DA9D]\nE       \t(No symbol) [0x001A1342]\nE       \t(No symbol) [0x001A147B]\nE       \t(No symbol) [0x001D8DC2]\nE       \t(No symbol) [0x001BFDC4]\nE       \t(No symbol) [0x001D6B09]\nE       \t(No symbol) [0x001BFB76]\nE       \t(No symbol) [0x001949C1]\nE       \t(No symbol) [0x00195E5D]\nE       \tGetHandleVerifier [0x0054A142+2497106]\nE       \tGetHandleVerifier [0x005785D3+2686691]\nE       \tGetHandleVerifier [0x0057BB9C+2700460]\nE       \tGetHandleVerifier [0x00383B10+635936]\nE       \t(No symbol) [0x00274A1F]\nE       \t(No symbol) [0x0027A418]\nE       \t(No symbol) [0x0027A505]\nE       \t(No symbol) [0x0028508B]\nE       \tBaseThreadInitThunk [0x778B6BD9+25]\nE       \tRtlGetFullPathName_UEx [0x77A08FD2+1218]\nE       \tRtlGetFullPathName_UEx [0x77A08F9D+1165]\nE       \t(No symbol) [0x00000000]\n\nvenv\\Lib\\site-packages\\selenium\\webdriver\\support\\wait.py:95: TimeoutException"}, "start": 1675167748159, "stop": 1675167792621, "uuid": "2b78ba1d-ab06-491b-bd66-c059f83bf3e0", "historyId": "bdc294cf6f9efdbb87306dd2d55cdd58", "testCaseId": "268629ef65dc9254e1b7276b5bdbd92d", "fullName": "Tests.test_PimPage.Test_pim#test_pim_page_tab_search_employee", "labels": [{"name": "tag", "value": "@pytest.mark.usefixtures('input_data_for_add_user')"}, {"name": "parentSuite", "value": "Tests"}, {"name": "suite", "value": "test_PimPage"}, {"name": "subSuite", "value": "Test_pim"}, {"name": "host", "value": "DESKTOP-U6UTH74"}, {"name": "thread", "value": "16532-MainThread"}, {"name": "framework", "value": "pytest"}, {"name": "language", "value": "cpython3"}, {"name": "package", "value": "Tests.test_PimPage"}]}